<?xml version="1.0" encoding="UTF-8"?>
<!-- Generated by org.testng.reporters.JUnitXMLReporter -->
<testsuite hostname="saurabhverma02" ignored="0" name="Default test" tests="3" failures="0" timestamp="28 Sep 2019 10:33:55 GMT" time="30.706" errors="0">
  <testcase name="clickLoginLinkTest" time="3.676" classname="com.crm.qa.testcases.LandingPageTest"/>
  <testcase name="loginTest" time="6.349" classname="com.crm.qa.testcases.LandingPageTest"/>
  <testcase name="clickaddMovieLinkTest" time="6.742" classname="com.crm.qa.testcases.LandingPageTest"/>
</testsuite> <!-- Default test -->
